<?xml version="1.0" encoding="UTF-8"?>
<testsuite name="com.rathna.timesheetapp.TimesheetAppApplicationTests" tests="1" skipped="0" failures="0" errors="0" timestamp="2020-02-22T13:25:51" hostname="DESKTOP-R4FHFUS" time="1.136">
  <properties/>
  <testcase name="contextLoads()" classname="com.rathna.timesheetapp.TimesheetAppApplicationTests" time="1.136"/>
  <system-out><![CDATA[18:55:43.273 [Test worker] DEBUG org.springframework.test.context.BootstrapUtils - Instantiating CacheAwareContextLoaderDelegate from class [org.springframework.test.context.cache.DefaultCacheAwareContextLoaderDelegate]
18:55:43.311 [Test worker] DEBUG org.springframework.test.context.BootstrapUtils - Instantiating BootstrapContext using constructor [public org.springframework.test.context.support.DefaultBootstrapContext(java.lang.Class,org.springframework.test.context.CacheAwareContextLoaderDelegate)]
18:55:43.402 [Test worker] DEBUG org.springframework.test.context.BootstrapUtils - Instantiating TestContextBootstrapper for test class [com.rathna.timesheetapp.TimesheetAppApplicationTests] from class [org.springframework.boot.test.context.SpringBootTestContextBootstrapper]
18:55:43.451 [Test worker] INFO org.springframework.boot.test.context.SpringBootTestContextBootstrapper - Neither @ContextConfiguration nor @ContextHierarchy found for test class [com.rathna.timesheetapp.TimesheetAppApplicationTests], using SpringBootContextLoader
18:55:43.465 [Test worker] DEBUG org.springframework.test.context.support.AbstractContextLoader - Did not detect default resource location for test class [com.rathna.timesheetapp.TimesheetAppApplicationTests]: class path resource [com/rathna/timesheetapp/TimesheetAppApplicationTests-context.xml] does not exist
18:55:43.470 [Test worker] DEBUG org.springframework.test.context.support.AbstractContextLoader - Did not detect default resource location for test class [com.rathna.timesheetapp.TimesheetAppApplicationTests]: class path resource [com/rathna/timesheetapp/TimesheetAppApplicationTestsContext.groovy] does not exist
18:55:43.472 [Test worker] INFO org.springframework.test.context.support.AbstractContextLoader - Could not detect default resource locations for test class [com.rathna.timesheetapp.TimesheetAppApplicationTests]: no resource found for suffixes {-context.xml, Context.groovy}.
18:55:43.476 [Test worker] INFO org.springframework.test.context.support.AnnotationConfigContextLoaderUtils - Could not detect default configuration classes for test class [com.rathna.timesheetapp.TimesheetAppApplicationTests]: TimesheetAppApplicationTests does not declare any static, non-private, non-final, nested classes annotated with @Configuration.
18:55:43.604 [Test worker] DEBUG org.springframework.test.context.support.ActiveProfilesUtils - Could not find an 'annotation declaring class' for annotation type [org.springframework.test.context.ActiveProfiles] and class [com.rathna.timesheetapp.TimesheetAppApplicationTests]
18:55:43.832 [Test worker] DEBUG org.springframework.context.annotation.ClassPathScanningCandidateComponentProvider - Identified candidate component class: file [D:\timesheet-app\build\classes\java\main\com\rathna\timesheetapp\TimesheetAppApplication.class]
18:55:43.835 [Test worker] INFO org.springframework.boot.test.context.SpringBootTestContextBootstrapper - Found @SpringBootConfiguration com.rathna.timesheetapp.TimesheetAppApplication for test class com.rathna.timesheetapp.TimesheetAppApplicationTests
18:55:44.131 [Test worker] DEBUG org.springframework.boot.test.context.SpringBootTestContextBootstrapper - @TestExecutionListeners is not present for class [com.rathna.timesheetapp.TimesheetAppApplicationTests]: using defaults.
18:55:44.134 [Test worker] INFO org.springframework.boot.test.context.SpringBootTestContextBootstrapper - Loaded default TestExecutionListener class names from location [META-INF/spring.factories]: [org.springframework.boot.test.autoconfigure.restdocs.RestDocsTestExecutionListener, org.springframework.boot.test.autoconfigure.web.client.MockRestServiceServerResetTestExecutionListener, org.springframework.boot.test.autoconfigure.web.servlet.MockMvcPrintOnlyOnFailureTestExecutionListener, org.springframework.boot.test.autoconfigure.web.servlet.WebDriverTestExecutionListener, org.springframework.boot.test.mock.mockito.MockitoTestExecutionListener, org.springframework.boot.test.mock.mockito.ResetMocksTestExecutionListener, org.springframework.test.context.web.ServletTestExecutionListener, org.springframework.test.context.support.DirtiesContextBeforeModesTestExecutionListener, org.springframework.test.context.support.DependencyInjectionTestExecutionListener, org.springframework.test.context.support.DirtiesContextTestExecutionListener, org.springframework.test.context.transaction.TransactionalTestExecutionListener, org.springframework.test.context.jdbc.SqlScriptsTestExecutionListener, org.springframework.test.context.event.EventPublishingTestExecutionListener]
18:55:44.168 [Test worker] DEBUG org.springframework.boot.test.context.SpringBootTestContextBootstrapper - Skipping candidate TestExecutionListener [org.springframework.test.context.transaction.TransactionalTestExecutionListener] due to a missing dependency. Specify custom listener classes or make the default listener classes and their required dependencies available. Offending class: [org/springframework/transaction/interceptor/TransactionAttributeSource]
18:55:44.171 [Test worker] DEBUG org.springframework.boot.test.context.SpringBootTestContextBootstrapper - Skipping candidate TestExecutionListener [org.springframework.test.context.jdbc.SqlScriptsTestExecutionListener] due to a missing dependency. Specify custom listener classes or make the default listener classes and their required dependencies available. Offending class: [org/springframework/transaction/interceptor/TransactionAttribute]
18:55:44.172 [Test worker] INFO org.springframework.boot.test.context.SpringBootTestContextBootstrapper - Using TestExecutionListeners: [org.springframework.test.context.web.ServletTestExecutionListener@6ae6741e, org.springframework.test.context.support.DirtiesContextBeforeModesTestExecutionListener@86425e5, org.springframework.boot.test.mock.mockito.MockitoTestExecutionListener@3dfbebbd, org.springframework.boot.test.autoconfigure.SpringBootDependencyInjectionTestExecutionListener@47f8ba2f, org.springframework.test.context.support.DirtiesContextTestExecutionListener@1e67604a, org.springframework.test.context.event.EventPublishingTestExecutionListener@3785256e, org.springframework.boot.test.autoconfigure.restdocs.RestDocsTestExecutionListener@55419620, org.springframework.boot.test.autoconfigure.web.client.MockRestServiceServerResetTestExecutionListener@576a6765, org.springframework.boot.test.autoconfigure.web.servlet.MockMvcPrintOnlyOnFailureTestExecutionListener@722a28f2, org.springframework.boot.test.autoconfigure.web.servlet.WebDriverTestExecutionListener@6c1acd8c, org.springframework.boot.test.mock.mockito.ResetMocksTestExecutionListener@3533a6b9]
18:55:44.182 [Test worker] DEBUG org.springframework.test.context.support.AbstractDirtiesContextTestExecutionListener - Before test class: context [DefaultTestContext@4b894a51 testClass = TimesheetAppApplicationTests, testInstance = [null], testMethod = [null], testException = [null], mergedContextConfiguration = [WebMergedContextConfiguration@72b05cae testClass = TimesheetAppApplicationTests, locations = '{}', classes = '{class com.rathna.timesheetapp.TimesheetAppApplication}', contextInitializerClasses = '[]', activeProfiles = '{}', propertySourceLocations = '{}', propertySourceProperties = '{org.springframework.boot.test.context.SpringBootTestContextBootstrapper=true}', contextCustomizers = set[org.springframework.boot.test.autoconfigure.properties.PropertyMappingContextCustomizer@0, org.springframework.boot.test.autoconfigure.web.servlet.WebDriverContextCustomizerFactory$Customizer@64285b34, org.springframework.boot.test.context.filter.ExcludeFilterContextCustomizer@6fe6b053, org.springframework.boot.test.json.DuplicateJsonObjectContextCustomizerFactory$DuplicateJsonObjectContextCustomizer@4f66fe8a, org.springframework.boot.test.mock.mockito.MockitoContextCustomizer@0, org.springframework.boot.test.web.client.TestRestTemplateContextCustomizer@46d4574a], resourceBasePath = 'src/main/webapp', contextLoader = 'org.springframework.boot.test.context.SpringBootContextLoader', parent = [null]], attributes = map['org.springframework.test.context.web.ServletTestExecutionListener.activateListener' -> true]], class annotated with @DirtiesContext [false] with mode [null].
18:55:44.266 [Test worker] DEBUG org.springframework.test.context.support.TestPropertySourceUtils - Adding inlined properties to environment: {spring.jmx.enabled=false, org.springframework.boot.test.context.SpringBootTestContextBootstrapper=true, server.port=-1}

  .   ____          _            __ _ _
 /\\ / ___'_ __ _ _(_)_ __  __ _ \ \ \ \
( ( )\___ | '_ | '_| | '_ \/ _` | \ \ \ \
 \\/  ___)| |_)| | | | | || (_| |  ) ) ) )
  '  |____| .__|_| |_|_| |_\__, | / / / /
 =========|_|==============|___/=/_/_/_/
 :: Spring Boot ::        (v2.2.4.RELEASE)

2020-02-22 18:55:45.550  INFO 1156 --- [    Test worker] c.r.t.TimesheetAppApplicationTests       : Starting TimesheetAppApplicationTests on DESKTOP-R4FHFUS with PID 1156 (started by Rathna in D:\timesheet-app)
2020-02-22 18:55:45.594  INFO 1156 --- [    Test worker] c.r.t.TimesheetAppApplicationTests       : No active profile set, falling back to default profiles: default
2020-02-22 18:55:50.620  INFO 1156 --- [    Test worker] o.s.s.concurrent.ThreadPoolTaskExecutor  : Initializing ExecutorService 'applicationTaskExecutor'
2020-02-22 18:55:51.580  INFO 1156 --- [    Test worker] c.r.t.TimesheetAppApplicationTests       : Started TimesheetAppApplicationTests in 7.284 seconds (JVM running for 11.506)
]]></system-out>
  <system-err><![CDATA[]]></system-err>
</testsuite>
